# JRE version: Java(TM) SE Runtime Environment (8.0_40-b25) (build 1.8.0_40-b25)
# Java VM: Java HotSpot(TM) 64-Bit Server VM (25.40-b25 mixed mode windows-amd64 compressed oops)
Heap:
 PSYoungGen      total 55296K, used 7877K [0x0000000770500000, 0x0000000774c00000, 0x00000007c0000000)
  eden space 50176K, 5% used [0x0000000770500000,0x00000007707d9748,0x0000000773600000)
  from space 5120K, 96% used [0x0000000773700000,0x0000000773bd7e88,0x0000000773c00000)
  to   space 11264K, 0% used [0x0000000774100000,0x0000000774100000,0x0000000774c00000)
 ParOldGen       total 79872K, used 21301K [0x00000006d0e00000, 0x00000006d5c00000, 0x0000000770500000)
  object space 79872K, 26% used [0x00000006d0e00000,0x00000006d22cd488,0x00000006d5c00000)
 Metaspace       used 60045K, capacity 61938K, committed 62504K, reserved 1103872K
  class space    used 7460K, capacity 7949K, committed 7976K, reserved 1048576K
GC Heap History (10 events):
Event: 1175.032 GC heap before
{Heap before GC invocations=14 (full 2):
 PSYoungGen      total 60416K, used 59956K [0x0000000770500000, 0x0000000774d00000, 0x00000007c0000000)
  eden space 54272K, 100% used [0x0000000770500000,0x0000000773a00000,0x0000000773a00000)
  from space 6144K, 92% used [0x0000000773b00000,0x000000077408d078,0x0000000774100000)
  to   space 9728K, 0% used [0x0000000774380000,0x0000000774380000,0x0000000774d00000)
 ParOldGen       total 74240K, used 14305K [0x00000006d0e00000, 0x00000006d5680000, 0x0000000770500000)
  object space 74240K, 19% used [0x00000006d0e00000,0x00000006d1bf8440,0x00000006d5680000)
 Metaspace       used 48520K, capacity 50002K, committed 50472K, reserved 1093632K
  class space    used 5889K, capacity 6333K, committed 6440K, reserved 1048576K
Event: 1175.040 GC heap after
Heap after GC invocations=14 (full 2):
 PSYoungGen      total 61952K, used 7869K [0x0000000770500000, 0x0000000774c00000, 0x00000007c0000000)
  eden space 53248K, 0% used [0x0000000770500000,0x0000000770500000,0x0000000773900000)
  from space 8704K, 90% used [0x0000000774380000,0x0000000774b2f750,0x0000000774c00000)
  to   space 9728K, 0% used [0x0000000773900000,0x0000000773900000,0x0000000774280000)
 ParOldGen       total 74240K, used 14313K [0x00000006d0e00000, 0x00000006d5680000, 0x0000000770500000)
  object space 74240K, 19% used [0x00000006d0e00000,0x00000006d1bfa440,0x00000006d5680000)
 Metaspace       used 48520K, capacity 50002K, committed 50472K, reserved 1093632K
  class space    used 5889K, capacity 6333K, committed 6440K, reserved 1048576K
}
Event: 1363.153 GC heap before
{Heap before GC invocations=15 (full 2):
 PSYoungGen      total 61952K, used 61117K [0x0000000770500000, 0x0000000774c00000, 0x00000007c0000000)
  eden space 53248K, 100% used [0x0000000770500000,0x0000000773900000,0x0000000773900000)
  from space 8704K, 90% used [0x0000000774380000,0x0000000774b2f750,0x0000000774c00000)
  to   space 9728K, 0% used [0x0000000773900000,0x0000000773900000,0x0000000774280000)
 ParOldGen       total 74240K, used 14313K [0x00000006d0e00000, 0x00000006d5680000, 0x0000000770500000)
  object space 74240K, 19% used [0x00000006d0e00000,0x00000006d1bfa440,0x00000006d5680000)
 Metaspace       used 52791K, capacity 54374K, committed 54952K, reserved 1097728K
  class space    used 6469K, capacity 7003K, committed 7080K, reserved 1048576K
Event: 1363.163 GC heap after
Heap after GC invocations=15 (full 2):
 PSYoungGen      total 61440K, used 8911K [0x0000000770500000, 0x0000000774c00000, 0x00000007c0000000)
  eden space 52224K, 0% used [0x0000000770500000,0x0000000770500000,0x0000000773800000)
  from space 9216K, 96% used [0x0000000773900000,0x00000007741b3cc8,0x0000000774200000)
  to   space 10240K, 0% used [0x0000000774200000,0x0000000774200000,0x0000000774c00000)
 ParOldGen       total 74240K, used 14321K [0x00000006d0e00000, 0x00000006d5680000, 0x0000000770500000)
  object space 74240K, 19% used [0x00000006d0e00000,0x00000006d1bfc440,0x00000006d5680000)
 Metaspace       used 52791K, capacity 54374K, committed 54952K, reserved 1097728K
  class space    used 6469K, capacity 7003K, committed 7080K, reserved 1048576K
}
Event: 1593.101 GC heap before
{Heap before GC invocations=16 (full 2):
 PSYoungGen      total 61440K, used 60353K [0x0000000770500000, 0x0000000774c00000, 0x00000007c0000000)
  eden space 52224K, 98% used [0x0000000770500000,0x000000077373ca70,0x0000000773800000)
  from space 9216K, 96% used [0x0000000773900000,0x00000007741b3cc8,0x0000000774200000)
  to   space 10240K, 0% used [0x0000000774200000,0x0000000774200000,0x0000000774c00000)
 ParOldGen       total 74240K, used 14321K [0x00000006d0e00000, 0x00000006d5680000, 0x0000000770500000)
  object space 74240K, 19% used [0x00000006d0e00000,0x00000006d1bfc440,0x00000006d5680000)
 Metaspace       used 56916K, capacity 58650K, committed 59160K, reserved 1101824K
  class space    used 7034K, capacity 7513K, committed 7592K, reserved 1048576K
Event: 1593.111 GC heap after
Heap after GC invocations=16 (full 2):
 PSYoungGen      total 61440K, used 9871K [0x0000000770500000, 0x0000000774d00000, 0x00000007c0000000)
  eden space 51200K, 0% used [0x0000000770500000,0x0000000770500000,0x0000000773700000)
  from space 10240K, 96% used [0x0000000774200000,0x0000000774ba3d08,0x0000000774c00000)
  to   space 11264K, 0% used [0x0000000773700000,0x0000000773700000,0x0000000774200000)
 ParOldGen       total 74240K, used 14329K [0x00000006d0e00000, 0x00000006d5680000, 0x0000000770500000)
  object space 74240K, 19% used [0x00000006d0e00000,0x00000006d1bfe440,0x00000006d5680000)
 Metaspace       used 56916K, capacity 58650K, committed 59160K, reserved 1101824K
  class space    used 7034K, capacity 7513K, committed 7592K, reserved 1048576K
}
Event: 1593.111 GC heap before
{Heap before GC invocations=17 (full 3):
 PSYoungGen      total 61440K, used 9871K [0x0000000770500000, 0x0000000774d00000, 0x00000007c0000000)
  eden space 51200K, 0% used [0x0000000770500000,0x0000000770500000,0x0000000773700000)
  from space 10240K, 96% used [0x0000000774200000,0x0000000774ba3d08,0x0000000774c00000)
  to   space 11264K, 0% used [0x0000000773700000,0x0000000773700000,0x0000000774200000)
 ParOldGen       total 74240K, used 14329K [0x00000006d0e00000, 0x00000006d5680000, 0x0000000770500000)
  object space 74240K, 19% used [0x00000006d0e00000,0x00000006d1bfe440,0x00000006d5680000)
 Metaspace       used 56916K, capacity 58650K, committed 59160K, reserved 1101824K
  class space    used 7034K, capacity 7513K, committed 7592K, reserved 1048576K
Event: 1593.328 GC heap after
Heap after GC invocations=17 (full 3):
 PSYoungGen      total 61440K, used 0K [0x0000000770500000, 0x0000000774d00000, 0x00000007c0000000)
  eden space 51200K, 0% used [0x0000000770500000,0x0000000770500000,0x0000000773700000)
  from space 10240K, 0% used [0x0000000774200000,0x0000000774200000,0x0000000774c00000)
  to   space 11264K, 0% used [0x0000000773700000,0x0000000773700000,0x0000000774200000)
 ParOldGen       total 79872K, used 21293K [0x00000006d0e00000, 0x00000006d5c00000, 0x0000000770500000)
  object space 79872K, 26% used [0x00000006d0e00000,0x00000006d22cb488,0x00000006d5c00000)
 Metaspace       used 56916K, capacity 58650K, committed 59160K, reserved 1101824K
  class space    used 7034K, capacity 7513K, committed 7592K, reserved 1048576K
}
Event: 1706.860 GC heap before
{Heap before GC invocations=18 (full 3):
 PSYoungGen      total 61440K, used 51200K [0x0000000770500000, 0x0000000774d00000, 0x00000007c0000000)
  eden space 51200K, 100% used [0x0000000770500000,0x0000000773700000,0x0000000773700000)
  from space 10240K, 0% used [0x0000000774200000,0x0000000774200000,0x0000000774c00000)
  to   space 11264K, 0% used [0x0000000773700000,0x0000000773700000,0x0000000774200000)
 ParOldGen       total 79872K, used 21293K [0x00000006d0e00000, 0x00000006d5c00000, 0x0000000770500000)
  object space 79872K, 26% used [0x00000006d0e00000,0x00000006d22cb488,0x00000006d5c00000)
 Metaspace       used 59977K, capacity 61810K, committed 62248K, reserved 1103872K
  class space    used 7455K, capacity 7949K, committed 7976K, reserved 1048576K
Event: 1706.866 GC heap after
Heap after GC invocations=18 (full 3):
 PSYoungGen      total 55296K, used 4959K [0x0000000770500000, 0x0000000774c00000, 0x00000007c0000000)
  eden space 50176K, 0% used [0x0000000770500000,0x0000000770500000,0x0000000773600000)
  from space 5120K, 96% used [0x0000000773700000,0x0000000773bd7e88,0x0000000773c00000)
  to   space 11264K, 0% used [0x0000000774100000,0x0000000774100000,0x0000000774c00000)
 ParOldGen       total 79872K, used 21301K [0x00000006d0e00000, 0x00000006d5c00000, 0x0000000770500000)
  object space 79872K, 26% used [0x00000006d0e00000,0x00000006d22cd488,0x00000006d5c00000)
 Metaspace       used 59977K, capacity 61810K, committed 62248K, reserved 1103872K
  class space    used 7455K, capacity 7949K, committed 7976K, reserved 1048576K
}

